
> kolder-app@0.0.0 dev
> vite


  VITE v5.4.19  ready in 593 ms

  ➜  Local:   http://localhost:5173/
  ➜  Network: use --host to expose
10:01:35 PM [vite] ✨ new dependencies optimized: axios, @chakra-ui/icons, react-dnd, react-dnd-html5-backend, react-datepicker, date-fns, react-quill
10:01:35 PM [vite] ✨ optimized dependencies changed. reloading
10:01:36 PM [vite] http proxy error: /api/categories
AggregateError [ECONNREFUSED]:
    at internalConnectMultiple (node:net:1134:18)
    at afterConnectMultiple (node:net:1715:7)
10:01:36 PM [vite] http proxy error: /api/snippets
AggregateError [ECONNREFUSED]:
    at internalConnectMultiple (node:net:1134:18)
    at afterConnectMultiple (node:net:1715:7)
10:01:36 PM [vite] http proxy error: /api/settings
AggregateError [ECONNREFUSED]:
    at internalConnectMultiple (node:net:1134:18)
    at afterConnectMultiple (node:net:1715:7)
10:01:36 PM [vite] http proxy error: /api/categories
AggregateError [ECONNREFUSED]:
    at internalConnectMultiple (node:net:1134:18)
    at afterConnectMultiple (node:net:1715:7)
10:01:36 PM [vite] http proxy error: /api/snippets
AggregateError [ECONNREFUSED]:
    at internalConnectMultiple (node:net:1134:18)
    at afterConnectMultiple (node:net:1715:7)
10:01:36 PM [vite] http proxy error: /api/settings
AggregateError [ECONNREFUSED]:
    at internalConnectMultiple (node:net:1134:18)
    at afterConnectMultiple (node:net:1715:7)
10:01:37 PM [vite] ✨ new dependencies optimized: react-calendar
10:01:37 PM [vite] ✨ optimized dependencies changed. reloading
10:01:38 PM [vite] http proxy error: /api/categories
AggregateError [ECONNREFUSED]:
    at internalConnectMultiple (node:net:1134:18)
    at afterConnectMultiple (node:net:1715:7)
10:01:38 PM [vite] http proxy error: /api/snippets
AggregateError [ECONNREFUSED]:
    at internalConnectMultiple (node:net:1134:18)
    at afterConnectMultiple (node:net:1715:7)
10:01:38 PM [vite] http proxy error: /api/settings
AggregateError [ECONNREFUSED]:
    at internalConnectMultiple (node:net:1134:18)
    at afterConnectMultiple (node:net:1715:7)
10:01:38 PM [vite] http proxy error: /api/categories
AggregateError [ECONNREFUSED]:
    at internalConnectMultiple (node:net:1134:18)
    at afterConnectMultiple (node:net:1715:7)
10:01:38 PM [vite] http proxy error: /api/snippets
AggregateError [ECONNREFUSED]:
    at internalConnectMultiple (node:net:1134:18)
    at afterConnectMultiple (node:net:1715:7)
10:01:38 PM [vite] http proxy error: /api/settings
AggregateError [ECONNREFUSED]:
    at internalConnectMultiple (node:net:1134:18)
    at afterConnectMultiple (node:net:1715:7)
10:02:02 PM [vite] http proxy error: /api/categories
AggregateError [ECONNREFUSED]:
    at internalConnectMultiple (node:net:1134:18)
    at afterConnectMultiple (node:net:1715:7)
10:02:02 PM [vite] http proxy error: /api/snippets
AggregateError [ECONNREFUSED]:
    at internalConnectMultiple (node:net:1134:18)
    at afterConnectMultiple (node:net:1715:7)
10:02:02 PM [vite] http proxy error: /api/settings
AggregateError [ECONNREFUSED]:
    at internalConnectMultiple (node:net:1134:18)
    at afterConnectMultiple (node:net:1715:7)
10:02:02 PM [vite] http proxy error: /api/categories
AggregateError [ECONNREFUSED]:
    at internalConnectMultiple (node:net:1134:18)
    at afterConnectMultiple (node:net:1715:7)
10:02:02 PM [vite] http proxy error: /api/snippets
AggregateError [ECONNREFUSED]:
    at internalConnectMultiple (node:net:1134:18)
    at afterConnectMultiple (node:net:1715:7)
10:02:02 PM [vite] http proxy error: /api/settings
AggregateError [ECONNREFUSED]:
    at internalConnectMultiple (node:net:1134:18)
    at afterConnectMultiple (node:net:1715:7)
10:02:07 PM [vite] http proxy error: /api/settings
AggregateError [ECONNREFUSED]:
    at internalConnectMultiple (node:net:1134:18)
    at afterConnectMultiple (node:net:1715:7)
10:02:48 PM [vite] http proxy error: /api/categories
AggregateError [ECONNREFUSED]:
    at internalConnectMultiple (node:net:1134:18)
    at afterConnectMultiple (node:net:1715:7)
10:02:48 PM [vite] http proxy error: /api/snippets
AggregateError [ECONNREFUSED]:
    at internalConnectMultiple (node:net:1134:18)
    at afterConnectMultiple (node:net:1715:7)
10:02:48 PM [vite] http proxy error: /api/settings
AggregateError [ECONNREFUSED]:
    at internalConnectMultiple (node:net:1134:18)
    at afterConnectMultiple (node:net:1715:7)
10:02:48 PM [vite] http proxy error: /api/categories
AggregateError [ECONNREFUSED]:
    at internalConnectMultiple (node:net:1134:18)
    at afterConnectMultiple (node:net:1715:7)
10:02:48 PM [vite] http proxy error: /api/snippets
AggregateError [ECONNREFUSED]:
    at internalConnectMultiple (node:net:1134:18)
    at afterConnectMultiple (node:net:1715:7)
10:02:48 PM [vite] http proxy error: /api/settings
AggregateError [ECONNREFUSED]:
    at internalConnectMultiple (node:net:1134:18)
    at afterConnectMultiple (node:net:1715:7)
10:02:53 PM [vite] http proxy error: /api/settings
AggregateError [ECONNREFUSED]:
    at internalConnectMultiple (node:net:1134:18)
    at afterConnectMultiple (node:net:1715:7)
10:03:41 PM [vite] http proxy error: /api/categories
AggregateError [ECONNREFUSED]:
    at internalConnectMultiple (node:net:1134:18)
    at afterConnectMultiple (node:net:1715:7)
10:03:41 PM [vite] http proxy error: /api/snippets
AggregateError [ECONNREFUSED]:
    at internalConnectMultiple (node:net:1134:18)
    at afterConnectMultiple (node:net:1715:7)
10:03:41 PM [vite] http proxy error: /api/settings
AggregateError [ECONNREFUSED]:
    at internalConnectMultiple (node:net:1134:18)
    at afterConnectMultiple (node:net:1715:7)
10:03:41 PM [vite] http proxy error: /api/categories
AggregateError [ECONNREFUSED]:
    at internalConnectMultiple (node:net:1134:18)
    at afterConnectMultiple (node:net:1715:7)
10:03:41 PM [vite] http proxy error: /api/snippets
AggregateError [ECONNREFUSED]:
    at internalConnectMultiple (node:net:1134:18)
    at afterConnectMultiple (node:net:1715:7)
10:03:41 PM [vite] http proxy error: /api/settings
AggregateError [ECONNREFUSED]:
    at internalConnectMultiple (node:net:1134:18)
    at afterConnectMultiple (node:net:1715:7)
10:03:47 PM [vite] http proxy error: /api/settings
AggregateError [ECONNREFUSED]:
    at internalConnectMultiple (node:net:1134:18)
    at afterConnectMultiple (node:net:1715:7)
